Diagnose log at 2026-07-16T18:30:00Z

AppPath: C:\Program Files\Git\mingw64\bin\git-credential-manager.exe
InstallDir: C:\Program Files\Git\mingw64\bin\
Version: 2.7.3+5fa7116896c82164996a609accd1c5ad90fe730a

------------
Diagnostic: Environment
Skipped: False
Success: True
Exception: None
Log:
OSType: Windows
OSVersion: 10.0 (build 26200)
Reading environment variables... OK
 Variables:
SystemDrive=C:
ProgramFiles(x86)=C:\Program Files (x86)
MSYSTEM=MINGW64
ProgramW6432=C:\Program Files
ChocolateyInstall=C:\ProgramData\chocolatey
PROCESSOR_IDENTIFIER=Intel64 Family 6 Model 142 Stepping 12, GenuineIntel
TMP=C:\Users\minaa\AppData\Local\Temp
PROCESSOR_ARCHITECTURE=AMD64
Path=C:/Program Files/Git/mingw64/libexec/git-core;C:\Program Files\Git\mingw64\bin;C:\Program Files\Git\usr\bin;C:\Users\minaa\bin;C:\Python314\Scripts\;C:\Python314\;C:\WINDOWS\system32;C:\WINDOWS;C:\WINDOWS\System32\Wbem;C:\WINDOWS\System32\WindowsPowerShell\v1.0\;C:\WINDOWS\System32\OpenSSH\;C:\Program Files\nodejs\;C:\ProgramData\chocolatey\bin;C:\Program Files\Docker\Docker\resources\bin;C:\Program Files\Git\cmd;C:\Program Files (x86)\Pulumi\;C:\Program Files\Tailscale\;C:\Python314\Scripts\;C:\Python314\;C:\WINDOWS\system32;C:\WINDOWS;C:\WINDOWS\System32\Wbem;C:\WINDOWS\System32\WindowsPowerShell\v1.0\;C:\WINDOWS\System32\OpenSSH\;C:\Program Files\nodejs\;C:\ProgramData\chocolatey\bin;C:\Program Files\Docker\Docker\resources\bin;C:\Program Files\Git\cmd;C:\Program Files (x86)\Pulumi\;C:\Python314\Scripts\;C:\Python314\;C:\WINDOWS\system32;C:\WINDOWS;C:\WINDOWS\System32\Wbem;C:\WINDOWS\System32\WindowsPowerShell\v1.0\;C:\WINDOWS\System32\OpenSSH\;C:\Program Files\nodejs\;C:\ProgramData\chocolatey\bin;C:\Program Files\Docker\Docker\resources\bin;C:\Program Files\Git\cmd;C:\Program Files (x86)\Pulumi\;c:\Users\minaa\AppData\Local\Programs\cursor\resources\app\codeBin;C:\Users\minaa\AppData\Local\Microsoft\WindowsApps;C:\Users\minaa\AppData\Local\Programs\Microsoft VS Code\bin;C:\Users\minaa\AppData\Roaming\npm;C:\Users\minaa\AppData\Local\Programs\cursor\resources\app\bin;C:\Users\minaa\AppData\Local\Programs\Antigravity IDE\bin;C:\Users\minaa\AppData\Local\Microsoft\WinGet\Packages\Ngrok.Ngrok_Microsoft.Winget.Source_8wekyb3d8bbwe;C:\Program Files\Android\Android Studio\jbr\bin;C:\Users\minaa\AppData\Local\Android\Sdk\platform-tools;C:\Users\minaa\AppData\Local\Android\Sdk\emulator;C:\Users\minaa\AppData\Local\GitHubDesktop\bin;C:\Users\minaa\AppData\Local\Kingsoft\WPS Office\12.1.0.27458\clitool
WSLENV=WT_SESSION:WT_PROFILE_ID:
PROCESSOR_REVISION=8e0c
ChocolateyLastPathUpdate=134227295967026154
USERPROFILE=C:\Users\minaa
LOGONSERVER=\\DESKTOP-L0BR5Q3
TEMP=C:\Users\minaa\AppData\Local\Temp
USERNAME=minaa
SystemRoot=C:\WINDOWS
GIT_EXEC_PATH=C:/Program Files/Git/mingw64/libexec/git-core
PLINK_PROTOCOL=ssh
OneDrive=C:\Users\minaa\OneDrive
USERDOMAIN_ROAMINGPROFILE=DESKTOP-L0BR5Q3
CommonProgramFiles=C:\Program Files\Common Files
ZES_ENABLE_SYSMAN=1
ProgramData=C:\ProgramData
LC_CTYPE=C.UTF-8
HOMEPATH=\Users\minaa
WT_SESSION=3318ed68-9801-490a-9965-6f058a3ec940
OneDriveConsumer=C:\Users\minaa\OneDrive
COMPUTERNAME=DESKTOP-L0BR5Q3
ALLUSERSPROFILE=C:\ProgramData
CommonProgramW6432=C:\Program Files\Common Files
TERM=xterm-256color
WT_PROFILE_ID={61c54bbd-c2c6-5271-96e7-009a87ff44bf}
SESSIONNAME=Console
DriverData=C:\Windows\System32\Drivers\DriverData
HOMEDRIVE=C:
WPSCLI_HOME=C:\Users\minaa\AppData\Local\Kingsoft\WPS Office\12.1.0.27458\clitool
windir=C:\WINDOWS
GIT_TRACE2_PARENT_SID=70ed75d7-7383-4519-8cef-9e96aefc302f
NUMBER_OF_PROCESSORS=8
OS=Windows_NT
ProgramFiles=C:\Program Files
ComSpec=C:\WINDOWS\system32\cmd.exe
PATHEXT=.COM;.EXE;.BAT;.CMD;.VBS;.VBE;.JS;.JSE;.WSF;.WSH;.MSC;.PY;.PYW;.CPL
HOME=C:\Users\minaa
JAVA_HOME=C:\Program Files\Android\Android Studio\jbr
PSModulePath=C:\Users\minaa\OneDrive\Documents\WindowsPowerShell\Modules;C:\Program Files\WindowsPowerShell\Modules;C:\WINDOWS\system32\WindowsPowerShell\v1.0\Modules
TMPDIR=C:\Users\minaa\AppData\Local\Temp
APPDATA=C:\Users\minaa\AppData\Roaming
USERDOMAIN=DESKTOP-L0BR5Q3
PROCESSOR_LEVEL=6
LOCALAPPDATA=C:\Users\minaa\AppData\Local
PSExecutionPolicyPreference=Bypass
CommonProgramFiles(x86)=C:\Program Files (x86)\Common Files
COLORTERM=truecolor
PUBLIC=C:\Users\Public
ANDROID_HOME=C:\Users\minaa\AppData\Local\Android\Sdk


------------
Diagnostic: File system
Skipped: False
Success: True
Exception: None
Log:
Temporary directory is 'C:\Users\minaa\AppData\Local\Temp\'...
Checking basic file I/O...
Writing to temporary file 'C:\Users\minaa\AppData\Local\Temp\5f7d49aba465683736967521'... OK
Reading from temporary file 'C:\Users\minaa\AppData\Local\Temp\5f7d49aba465683736967521'... OK
Deleting temporary file 'C:\Users\minaa\AppData\Local\Temp\5f7d49aba465683736967521'... OK
Testing IFileSystem instance...
UserHomePath: C:\Users\minaa
UserDataDirectoryPath: C:\Users\minaa\.gcm
GetCurrentDirectory(): C:\Users\minaa\OneDrive\Github_Repos\Full_stack\WindFlow

------------
Diagnostic: Networking
Skipped: False
Success: True
Exception: None
Log:
Checking networking and HTTP stack...
Creating HTTP client... OK
IsNetworkAvailable: True
Sending HEAD request to http://example.com...Sending HEAD request to https://example.com... OK
 OK
Acquiring free TCP port... OK
Testing local HTTP loopback connections...
Creating new HTTP listener for http://localhost:60692/... OK
Waiting for loopback connection... OK
Writing response... OK
Waiting for response data... OK
Loopback connection data OK

------------
Diagnostic: Git
Skipped: False
Success: True
Exception: None
Log:
Getting Git version... OK
Git version is '2.54.0.windows.1'
Locating current repository...Git repository at 'C:/Users/minaa/OneDrive/Github_Repos/Full_stack/WindFlow/.git'
 OK
Listing all Git configuration... OK
Git configuration:
file:C:/Program Files/Git/etc/gitconfig	diff.astextplain.textconv=astextplain
file:C:/Program Files/Git/etc/gitconfig	filter.lfs.clean=git-lfs clean -- %f
file:C:/Program Files/Git/etc/gitconfig	filter.lfs.smudge=git-lfs smudge -- %f
file:C:/Program Files/Git/etc/gitconfig	filter.lfs.process=git-lfs filter-process
file:C:/Program Files/Git/etc/gitconfig	filter.lfs.required=true
file:C:/Program Files/Git/etc/gitconfig	http.sslbackend=schannel
file:C:/Program Files/Git/etc/gitconfig	core.autocrlf=true
file:C:/Program Files/Git/etc/gitconfig	core.fscache=true
file:C:/Program Files/Git/etc/gitconfig	core.symlinks=false
file:C:/Program Files/Git/etc/gitconfig	pull.rebase=false
file:C:/Program Files/Git/etc/gitconfig	credential.helper=manager
file:C:/Program Files/Git/etc/gitconfig	credential.https://dev.azure.com.usehttppath=true
file:C:/Program Files/Git/etc/gitconfig	init.defaultbranch=master
file:C:/Users/minaa/.gitconfig	user.name=zawarkhan22268
file:C:/Users/minaa/.gitconfig	user.email=zawarkhan22268@gmail.com
file:C:/Users/minaa/.gitconfig	filter.lfs.clean=git-lfs clean -- %f
file:C:/Users/minaa/.gitconfig	filter.lfs.smudge=git-lfs smudge -- %f
file:C:/Users/minaa/.gitconfig	filter.lfs.process=git-lfs filter-process
file:C:/Users/minaa/.gitconfig	filter.lfs.required=true
file:.git/config	core.repositoryformatversion=0
file:.git/config	core.filemode=false
file:.git/config	core.bare=false
file:.git/config	core.logallrefupdates=true
file:.git/config	core.symlinks=false
file:.git/config	core.ignorecase=true
file:.git/config	remote.origin.url=https://github.com/zawarkhan22268/AirFlow.git
file:.git/config	remote.origin.fetch=+refs/heads/*:refs/remotes/origin/*
file:.git/config	branch.master.remote=origin
file:.git/config	branch.master.merge=refs/heads/master
file:.git/config	user.name=zawaekhan22268
file:.git/config	user.email=zawarkhan22268@gmail.com


------------
Diagnostic: Credential storage
Skipped: False
Success: True
Exception: None
Log:
ICredentialStore instance is of type: CredentialStore
Writing test credential... OK
Reading test credential... OK
Deleting test credential... OK

------------
Diagnostic: Microsoft authentication (AAD/MSA)
Skipped: False
Success: True
Exception: None
Log:
Broker is not enabled.
Flow type is: Auto
Gathering MSAL token cache data... OK
CacheDirectory: C:\Users\minaa\AppData\Local\.IdentityService
CacheFileName: msal.cache
CacheFilePath: C:\Users\minaa\AppData\Local\.IdentityService\msal.cache
Creating cache helper... OK
Verifying MSAL token cache persistence... OK

------------
Diagnostic: GitHub API
Skipped: False
Success: True
Exception: None
Log:
Using 'https://github.com/' as API target.
Querying '/meta' endpoint... OK

